Using pre-set license

 COMMAND LINE ARGUMENTS:
/Applications/Unity/Hub/Editor/2020.3.14f1/Unity.app/Contents/MacOS/Unity
-adb2
-batchMode
-noUpm
-name
AssetImportWorker0
-projectPath
/Users/jiangjingjing/Desktop/大作业/basicGame
-logFile
Logs/AssetImportWorker0.log
-srvPort
52107
Successfully changed project path to: /Users/jiangjingjing/Desktop/大作业/basicGame
/Users/jiangjingjing/Desktop/大作业/basicGame
Using Asset Import Pipeline V2.
Refreshing native plugins compatible for Editor in 28.94 ms, found 2 plugins.
Preloading 0 native plugins for Editor in 0.00 ms.
Initialize engine version: 2020.3.14f1 (d0d1bb862f9d)
[Subsystems] Discovering subsystems at path /Applications/Unity/Hub/Editor/2020.3.14f1/Unity.app/Contents/Resources/UnitySubsystems
[Subsystems] Discovering subsystems at path /Users/jiangjingjing/Desktop/大作业/basicGame/Assets
GfxDevice: creating device client; threaded=0
2021-08-04 19:10:56.246 Unity[7266:240648] Color LCD preferred device: Intel(R) UHD Graphics 630 (low power)
2021-08-04 19:10:56.246 Unity[7266:240648] Metal devices available: 2
2021-08-04 19:10:56.246 Unity[7266:240648] 0: AMD Radeon Pro 555X (high power)
2021-08-04 19:10:56.246 Unity[7266:240648] 1: Intel(R) UHD Graphics 630 (low power)
2021-08-04 19:10:56.246 Unity[7266:240648] Using device AMD Radeon Pro 555X (high power)
Initializing Metal device caps: AMD Radeon Pro 555X
Initialize mono
Mono path[0] = '/Applications/Unity/Hub/Editor/2020.3.14f1/Unity.app/Contents/Managed'
Mono path[1] = '/Applications/Unity/Hub/Editor/2020.3.14f1/Unity.app/Contents/MonoBleedingEdge/lib/mono/unityjit'
Mono config path = '/Applications/Unity/Hub/Editor/2020.3.14f1/Unity.app/Contents/MonoBleedingEdge/etc'
Using monoOptions --debugger-agent=transport=dt_socket,embedding=1,server=y,suspend=n,address=127.0.0.1:56266
Begin MonoManager ReloadAssembly
Registering precompiled unity dll's ...
Register platform support module: /Applications/Unity/Hub/Editor/2020.3.14f1/PlaybackEngines/WebGLSupport/UnityEditor.WebGL.Extensions.dll
Register platform support module: /Applications/Unity/Hub/Editor/2020.3.14f1/Unity.app/Contents/PlaybackEngines/MacStandaloneSupport/UnityEditor.OSXStandalone.Extensions.dll
Registered in 0.000932 seconds.
Native extension for OSXStandalone target not found
Native extension for WebGL target not found
Refreshing native plugins compatible for Editor in 25.09 ms, found 2 plugins.
Preloading 0 native plugins for Editor in 0.00 ms.
Mono: successfully reloaded assembly
- Completed reload, in  1.453 seconds
Domain Reload Profiling:
	ReloadAssembly (1453ms)
		BeginReloadAssembly (50ms)
			ExecutionOrderSort (0ms)
			DisableScriptedObjects (0ms)
			BackupInstance (0ms)
			ReleaseScriptingObjects (0ms)
			CreateAndSetChildDomain (1ms)
		EndReloadAssembly (488ms)
			LoadAssemblies (49ms)
			RebuildTransferFunctionScriptingTraits (0ms)
			SetupTypeCache (191ms)
			ReleaseScriptCaches (0ms)
			RebuildScriptCaches (41ms)
			SetupLoadedEditorAssemblies (201ms)
				LogAssemblyErrors (0ms)
				InitializePlatformSupportModulesInManaged (5ms)
				SetLoadedEditorAssemblies (0ms)
				RefreshPlugins (25ms)
				BeforeProcessingInitializeOnLoad (24ms)
				ProcessInitializeOnLoadAttributes (98ms)
				ProcessInitializeOnLoadMethodAttributes (49ms)
				AfterProcessingInitializeOnLoad (0ms)
				EditorAssembliesLoaded (0ms)
			ExecutionOrderSort2 (0ms)
			AwakeInstancesAfterBackupRestoration (0ms)
Platform modules already initialized, skipping
Registering precompiled user dll's ...
Registered in 0.001735 seconds.
Begin MonoManager ReloadAssembly
Native extension for OSXStandalone target not found
Native extension for WebGL target not found
Refreshing native plugins compatible for Editor in 0.27 ms, found 2 plugins.
Preloading 0 native plugins for Editor in 0.00 ms.
Mono: successfully reloaded assembly
- Completed reload, in  1.109 seconds
Domain Reload Profiling:
	ReloadAssembly (1110ms)
		BeginReloadAssembly (168ms)
			ExecutionOrderSort (0ms)
			DisableScriptedObjects (5ms)
			BackupInstance (0ms)
			ReleaseScriptingObjects (0ms)
			CreateAndSetChildDomain (32ms)
		EndReloadAssembly (870ms)
			LoadAssemblies (82ms)
			RebuildTransferFunctionScriptingTraits (0ms)
			SetupTypeCache (322ms)
			ReleaseScriptCaches (0ms)
			RebuildScriptCaches (54ms)
			SetupLoadedEditorAssemblies (301ms)
				LogAssemblyErrors (0ms)
				InitializePlatformSupportModulesInManaged (6ms)
				SetLoadedEditorAssemblies (1ms)
				RefreshPlugins (0ms)
				BeforeProcessingInitializeOnLoad (75ms)
				ProcessInitializeOnLoadAttributes (214ms)
				ProcessInitializeOnLoadMethodAttributes (4ms)
				AfterProcessingInitializeOnLoad (1ms)
				EditorAssembliesLoaded (0ms)
			ExecutionOrderSort2 (0ms)
			AwakeInstancesAfterBackupRestoration (7ms)
Platform modules already initialized, skipping
========================================================================
Worker process is ready to serve import requests
Launching external process: /Applications/Unity/Hub/Editor/2020.3.14f1/Unity.app/Contents/Tools/UnityShaderCompiler
Launched and connected shader compiler UnityShaderCompiler after 0.01 seconds
Refreshing native plugins compatible for Editor in 0.28 ms, found 2 plugins.
Preloading 0 native plugins for Editor in 0.00 ms.
Unloading 1395 Unused Serialized files (Serialized files now loaded: 0)
System memory in use before: 134.2 MB.
System memory in use after: 134.3 MB.

Unloading 18 unused Assets to reduce memory usage. Loaded Objects now: 1827.
Total: 1.771875 ms (FindLiveObjects: 0.165253 ms CreateObjectMapping: 0.041868 ms MarkObjects: 1.496309 ms  DeleteObjects: 0.067780 ms)

AssetImportParameters requested are different than current active one (requested -> active):
  custom:video-decoder-ogg-theora: a1e56fd34408186e4bbccfd4996cb3dc -> 
  custom:container-muxer-webm: aa71ff27fc2769a1b78a27578f13a17b -> 
  custom:container-demuxer-webm: 4f35f7cbe854078d1ac9338744f61a02 -> 
  custom:container-demuxer-ogg: 62fdf1f143b41e24485cea50d1cbac27 -> 
  custom:video-encoder-webm-vp8: eb34c28f22e8b96e1ab97ce403110664 -> 
  custom:framework-osx-AVFoundation: e770b220cccbd017edd2c1fefb359320 -> 
  custom:video-decoder-webm-vp8: 9c59270c3fd7afecdb556c50c9e8de78 -> 
  custom:audio-decoder-ogg-vorbis: bf7c407c2cedff20999df2af8eb42d56 -> 
  custom:audio-encoder-webm-vorbis: bf7c407c2cedff20999df2af8eb42d56 -> 
========================================================================
Received Import Request.
  path: Assets/Prefabs/Player.prefab
  artifactKey: Guid(031115af1f34a0145a2627b99b6221c3) Importer(815301076,1909f56bfc062723c751e8b465ee728b)
Start importing Assets/Prefabs/Player.prefab using Guid(031115af1f34a0145a2627b99b6221c3) Importer(815301076,1909f56bfc062723c751e8b465ee728b)  -> (artifact id: '2f27412eaf578c31c3acf0810de882f2') in 1.025062 seconds 
  Import took 1.027490 seconds .

========================================================================
Received Import Request.
  Time since last request: 0.000288 seconds.
  path: Assets/Resources/MenuLogo.png
  artifactKey: Guid(94d838ec01ff0cb4b95db68aa3e4dab1) Importer(815301076,1909f56bfc062723c751e8b465ee728b)
Start importing Assets/Resources/MenuLogo.png using Guid(94d838ec01ff0cb4b95db68aa3e4dab1) Importer(815301076,1909f56bfc062723c751e8b465ee728b)  -> (artifact id: 'eeb86cae3b34fc388730b51fe1f5eee9') in 1.074620 seconds 
  Import took 1.077177 seconds .

========================================================================
Received Import Request.
  Time since last request: 0.000213 seconds.
  path: Assets/Prefabs/Section.prefab
  artifactKey: Guid(e5c14132364d8914ea2f073eff8903cc) Importer(815301076,1909f56bfc062723c751e8b465ee728b)
Start importing Assets/Prefabs/Section.prefab using Guid(e5c14132364d8914ea2f073eff8903cc) Importer(815301076,1909f56bfc062723c751e8b465ee728b)  -> (artifact id: '2af3305a5f4c2e2b7fe80fbafcba574d') in 0.437888 seconds 
  Import took 0.440096 seconds .

========================================================================
Received Import Request.
  Time since last request: 0.000170 seconds.
  path: Assets/Resources/Heart.jpg
  artifactKey: Guid(f07aa50cb7c29314c9323682665e6540) Importer(815301076,1909f56bfc062723c751e8b465ee728b)
Start importing Assets/Resources/Heart.jpg using Guid(f07aa50cb7c29314c9323682665e6540) Importer(815301076,1909f56bfc062723c751e8b465ee728b)  -> (artifact id: '292fb94789947db816df37c22dbdf2e6') in 1.040375 seconds 
  Import took 1.042459 seconds .

========================================================================
Received Import Request.
  Time since last request: 0.000204 seconds.
  path: Assets/Resources/barrel.png
  artifactKey: Guid(0ea5d6eee3050ab4794d01ada8bb8b46) Importer(815301076,1909f56bfc062723c751e8b465ee728b)
Start importing Assets/Resources/barrel.png using Guid(0ea5d6eee3050ab4794d01ada8bb8b46) Importer(815301076,1909f56bfc062723c751e8b465ee728b)  -> (artifact id: 'b6e6a235c07b27058033c402bd606a10') in 0.031392 seconds 
  Import took 0.034214 seconds .

========================================================================
Received Import Request.
  Time since last request: 0.000228 seconds.
  path: Assets/Resources/Player.png
  artifactKey: Guid(1ccd8d36f44b04942925b1bfe4672591) Importer(815301076,1909f56bfc062723c751e8b465ee728b)
Start importing Assets/Resources/Player.png using Guid(1ccd8d36f44b04942925b1bfe4672591) Importer(815301076,1909f56bfc062723c751e8b465ee728b)  -> (artifact id: 'cc31be4522dd32e12895dcd9db0728e9') in 0.018733 seconds 
  Import took 0.021006 seconds .

========================================================================
Received Import Request.
  Time since last request: 0.000216 seconds.
  path: Assets/Prefabs/Obstacle.prefab
  artifactKey: Guid(a3363baa3870ddd46bf84af9c621aa9b) Importer(815301076,1909f56bfc062723c751e8b465ee728b)
Start importing Assets/Prefabs/Obstacle.prefab using Guid(a3363baa3870ddd46bf84af9c621aa9b) Importer(815301076,1909f56bfc062723c751e8b465ee728b)  -> (artifact id: '536e53472cd5f6bb73219c29c7919916') in 0.015744 seconds 
  Import took 0.018531 seconds .

========================================================================
Received Import Request.
  Time since last request: 0.000223 seconds.
  path: Assets/Resources/EndImage.png
  artifactKey: Guid(76630802ab0ce574ca8a9a339591f51f) Importer(815301076,1909f56bfc062723c751e8b465ee728b)
Start importing Assets/Resources/EndImage.png using Guid(76630802ab0ce574ca8a9a339591f51f) Importer(815301076,1909f56bfc062723c751e8b465ee728b)  -> (artifact id: 'c134369a6abf0ab7802a8adb578c5d8a') in 0.014096 seconds 
  Import took 0.017045 seconds .

========================================================================
Received Import Request.
  Time since last request: 0.000348 seconds.
  path: Assets/Resources/HalfHeart.jpg
  artifactKey: Guid(84f7b58953d78344aaa99b9b34d6067c) Importer(815301076,1909f56bfc062723c751e8b465ee728b)
Start importing Assets/Resources/HalfHeart.jpg using Guid(84f7b58953d78344aaa99b9b34d6067c) Importer(815301076,1909f56bfc062723c751e8b465ee728b)  -> (artifact id: '12ddc2e8f815e90f196563e6bc2007a8') in 0.021417 seconds 
  Import took 0.024171 seconds .

========================================================================
Received Import Request.
  Time since last request: 14.815525 seconds.
  path: Assets/Scenes/Menu.unity
  artifactKey: Guid(17432283fcec9574798840dae11fbf61) Importer(815301076,1909f56bfc062723c751e8b465ee728b)
Start importing Assets/Scenes/Menu.unity using Guid(17432283fcec9574798840dae11fbf61) Importer(815301076,1909f56bfc062723c751e8b465ee728b)  -> (artifact id: 'fb5d0f328f22f7a3a96cc71f71bb4559') in 0.001674 seconds 
  Import took 0.004022 seconds .

========================================================================
Received Import Request.
  Time since last request: 7.705054 seconds.
  path: Assets/Scenes/Game.unity
  artifactKey: Guid(a4dc88208b8d92b49bc1b0494f9d245a) Importer(815301076,1909f56bfc062723c751e8b465ee728b)
Start importing Assets/Scenes/Game.unity using Guid(a4dc88208b8d92b49bc1b0494f9d245a) Importer(815301076,1909f56bfc062723c751e8b465ee728b)  -> (artifact id: '4cae735fdc3f84476896b99bf64c24ff') in 0.001567 seconds 
  Import took 0.004018 seconds .

========================================================================
Received Import Request.
  Time since last request: 6.255954 seconds.
  path: Assets/Scenes/EndGame.unity
  artifactKey: Guid(9165bb4c3274cb740a33faa9eff865f9) Importer(815301076,1909f56bfc062723c751e8b465ee728b)
Start importing Assets/Scenes/EndGame.unity using Guid(9165bb4c3274cb740a33faa9eff865f9) Importer(815301076,1909f56bfc062723c751e8b465ee728b)  -> (artifact id: '90deb4c69ca0ab31dddf7d087f2171f6') in 0.001580 seconds 
  Import took 0.004412 seconds .

